Architecture:          x86_64
CPU op-mode(s):        32-bit, 64-bit
Byte Order:            Little Endian
CPU(s):                24
On-line CPU(s) list:   0-23
Thread(s) per core:    1
Core(s) per socket:    12
Socket(s):             2
NUMA node(s):          2
Vendor ID:             GenuineIntel
CPU family:            6
Model:                 85
Model name:            Intel(R) Xeon(R) Gold 6126 CPU @ 2.60GHz
Stepping:              4
CPU MHz:               2599.841
CPU max MHz:           2600.0000
CPU min MHz:           1000.0000
BogoMIPS:              5200.00
Virtualization:        VT-x
L1d cache:             32K
L1i cache:             32K
L2 cache:              1024K
L3 cache:              19712K
NUMA node0 CPU(s):     0-11
NUMA node1 CPU(s):     12-23
Flags:                 fpu vme de pse tsc msr pae mce cx8 apic sep mtrr pge mca cmov pat pse36 clflush dts acpi mmx fxsr sse sse2 ss ht tm pbe syscall nx pdpe1gb rdtscp lm constant_tsc art arch_perfmon pebs bts rep_good nopl xtopology nonstop_tsc aperfmperf eagerfpu pni pclmulqdq dtes64 ds_cpl vmx smx est tm2 ssse3 sdbg fma cx16 xtpr pdcm pcid dca sse4_1 sse4_2 x2apic movbe popcnt tsc_deadline_timer aes xsave avx f16c rdrand lahf_lm abm 3dnowprefetch epb cat_l3 cdp_l3 invpcid_single intel_ppin intel_pt ssbd mba ibrs ibpb stibp tpr_shadow vnmi flexpriority ept vpid fsgsbase tsc_adjust bmi1 hle avx2 smep bmi2 erms invpcid rtm cqm mpx rdt_a avx512f avx512dq rdseed adx smap clflushopt clwb avx512cd avx512bw avx512vl xsaveopt xsavec xgetbv1 cqm_llc cqm_occup_llc cqm_mbm_total cqm_mbm_local dtherm arat pln pts pku ospke md_clear spec_ctrl intel_stibp flush_l1d
(23705, 3)
[[100   0   0]
 [100   0   0]
 [100   1   0]
 ...
 [  9   1   4]
 [  9   1   4]
 [  9   1   4]]
       Age  Gender  Race   1   2   3   4  ...  130  131  132  133  134  135  136
0        1       0     2  -4  71  -4  96  ...  135  108  139   98  140   88  139
1        1       0     2  13  76  13  96  ...  141  102  141   94  142   85  143
2        1       0     2  11  62  14  84  ...  136  109  147   99  148   90  146
3        6       1     2  36  66  34  86  ...  154  104  168   97  167   92  166
4        1       1     2  -3  60  -3  85  ...  141  109  153   98  154   88  153
...    ...     ...   ...  ..  ..  ..  ..  ...  ...  ...  ...  ...  ...  ...  ...
23700   78       1     0  -1  62  -1  88  ...  134  110  148  101  150   91  150
23701   81       1     0   7  56   8  80  ...  148   99  148   91  147   84  145
23702   82       1     0  15  66  13  89  ...  142  102  144   95  145   89  144
23703   82       1     0  35  64  34  83  ...  137  107  146   99  147   92  147
23704   85       1     0  -2  71   0  95  ...  139  110  140   99  141   89  140

[23705 rows x 139 columns]
labels of ages: [  1   2   3   4   5   6   7   8   9  10  11  12  13  14  15  16  17  18
  19  20  21  22  23  24  25  26  27  28  29  30  31  32  33  34  35  36
  37  38  39  40  41  42  43  44  45  46  47  48  49  50  51  52  53  54
  55  56  57  58  59  60  61  62  63  64  65  66  67  68  69  70  71  72
  73  74  75  76  77  78  79  80  81  82  83  84  85  86  87  88  89  90
  91  92  93  95  96  99 100 101 103 105 110 111 115 116]
labels of genders: [0 1]
labels of races: [0 1 2 3 4]
(23705, 200, 200, 3)
Finished reading raw images
(23705, 68, 30, 30, 3)
Starting ICA

------------------------------------------------------------
Sender: LSF System <lsfadmin@hpc.dtu.dk>
Subject: Job 13411934: <ICA> in cluster <dcc> Exited

Job <ICA> was submitted from host <hpclogin2> by user <s200770> in cluster <dcc> at Tue Apr 19 22:38:50 2022
Job was executed on host(s) <n-62-31-22>, in queue <hpc>, as user <s200770> in cluster <dcc> at Tue Apr 19 22:38:51 2022
</zhome/7e/c/151330> was used as the home directory.
</zhome/7e/c/151330/case2> was used as the working directory.
Started at Tue Apr 19 22:38:51 2022
Terminated at Tue Apr 19 22:40:33 2022
Results reported at Tue Apr 19 22:40:33 2022

Your job looked like:

------------------------------------------------------------
# LSBATCH: User input
#!/bin/bash
#BSUB -M 160G
#BSUB -J ICA
#BSUB -q hpc
#BSUB -W 96:00
#BSUB -n 1 -R "span[hosts=1]"
#BSUB -o ICA_%J.out
#BSUB -e ICA_%J.err

module load python3/3.9.11
source venv_1/bin/activate

# start the collect command with the above settings
lscpu
python3 -u ICA.py "$LSB_JOBID"

------------------------------------------------------------

Exited with exit code 1.

Resource usage summary:

    CPU time :                                   65.36 sec.
    Max Memory :                                 518 MB
    Average Memory :                             518.00 MB
    Total Requested Memory :                     163840.00 MB
    Delta Memory :                               163322.00 MB
    Max Swap :                                   -
    Max Processes :                              4
    Max Threads :                                5
    Run time :                                   217 sec.
    Turnaround time :                            103 sec.

The output (if any) is above this job summary.



PS:

Read file <ICA_13411934.err> for stderr output of this job.

