Architecture:          x86_64
CPU op-mode(s):        32-bit, 64-bit
Byte Order:            Little Endian
CPU(s):                32
On-line CPU(s) list:   0-31
Thread(s) per core:    1
Core(s) per socket:    16
Socket(s):             2
NUMA node(s):          2
Vendor ID:             GenuineIntel
CPU family:            6
Model:                 85
Model name:            Intel(R) Xeon(R) Gold 6142 CPU @ 2.60GHz
Stepping:              4
CPU MHz:               3299.987
CPU max MHz:           3700.0000
CPU min MHz:           1000.0000
BogoMIPS:              5200.00
Virtualization:        VT-x
L1d cache:             32K
L1i cache:             32K
L2 cache:              1024K
L3 cache:              22528K
NUMA node0 CPU(s):     0-15
NUMA node1 CPU(s):     16-31
Flags:                 fpu vme de pse tsc msr pae mce cx8 apic sep mtrr pge mca cmov pat pse36 clflush dts acpi mmx fxsr sse sse2 ss ht tm pbe syscall nx pdpe1gb rdtscp lm constant_tsc art arch_perfmon pebs bts rep_good nopl xtopology nonstop_tsc aperfmperf eagerfpu pni pclmulqdq dtes64 monitor ds_cpl vmx smx est tm2 ssse3 sdbg fma cx16 xtpr pdcm pcid dca sse4_1 sse4_2 x2apic movbe popcnt tsc_deadline_timer aes xsave avx f16c rdrand lahf_lm abm 3dnowprefetch epb cat_l3 cdp_l3 invpcid_single intel_ppin intel_pt ssbd mba ibrs ibpb stibp tpr_shadow vnmi flexpriority ept vpid fsgsbase tsc_adjust bmi1 hle avx2 smep bmi2 erms invpcid rtm cqm mpx rdt_a avx512f avx512dq rdseed adx smap clflushopt clwb avx512cd avx512bw avx512vl xsaveopt xsavec xgetbv1 cqm_llc cqm_occup_llc cqm_mbm_total cqm_mbm_local dtherm ida arat pln pts pku ospke md_clear spec_ctrl intel_stibp flush_l1d arch_capabilities
(23705, 3)
[[100   0   0]
 [100   0   0]
 [100   1   0]
 ...
 [  9   1   4]
 [  9   1   4]
 [  9   1   4]]
       Age  Gender  Race   1   2   3   4  ...  130  131  132  133  134  135  136
0        1       0     2  -4  71  -4  96  ...  135  108  139   98  140   88  139
1        1       0     2  13  76  13  96  ...  141  102  141   94  142   85  143
2        1       0     2  11  62  14  84  ...  136  109  147   99  148   90  146
3        6       1     2  36  66  34  86  ...  154  104  168   97  167   92  166
4        1       1     2  -3  60  -3  85  ...  141  109  153   98  154   88  153
...    ...     ...   ...  ..  ..  ..  ..  ...  ...  ...  ...  ...  ...  ...  ...
23700   78       1     0  -1  62  -1  88  ...  134  110  148  101  150   91  150
23701   81       1     0   7  56   8  80  ...  148   99  148   91  147   84  145
23702   82       1     0  15  66  13  89  ...  142  102  144   95  145   89  144
23703   82       1     0  35  64  34  83  ...  137  107  146   99  147   92  147
23704   85       1     0  -2  71   0  95  ...  139  110  140   99  141   89  140

[23705 rows x 139 columns]
labels of ages: [  1   2   3   4   5   6   7   8   9  10  11  12  13  14  15  16  17  18
  19  20  21  22  23  24  25  26  27  28  29  30  31  32  33  34  35  36
  37  38  39  40  41  42  43  44  45  46  47  48  49  50  51  52  53  54
  55  56  57  58  59  60  61  62  63  64  65  66  67  68  69  70  71  72
  73  74  75  76  77  78  79  80  81  82  83  84  85  86  87  88  89  90
  91  92  93  95  96  99 100 101 103 105 110 111 115 116]
labels of genders: [0 1]
labels of races: [0 1 2 3 4]
(23705, 200, 200, 3)
Finished reading raw images
(23705, 68, 30, 30, 3)
Starting NMF
violation: 1.0
violation: 0.47741269210671455
violation: 0.1480382502432065
violation: 0.10540426030267748
violation: 0.08529942065697593
violation: 0.07285439722112787
violation: 0.06418022956843014
violation: 0.05761589504579735
violation: 0.05231187588570247
violation: 0.04792737672908445
violation: 0.04430770533766494
violation: 0.04124087057466261
violation: 0.038607590460487166
violation: 0.03633138071635448
violation: 0.034349899170173004
violation: 0.03262331322476523
violation: 0.03110229396465525
violation: 0.029747371079836778
violation: 0.028537600758994978
violation: 0.02745679254690732
violation: 0.02648138120612598
violation: 0.025595136899325306
violation: 0.024792629977744195
violation: 0.02405953014057858
violation: 0.023392867679072313
violation: 0.02278348347335097
violation: 0.022218546193383124
violation: 0.021690905408115746
violation: 0.021195112647687576
violation: 0.0207369546567204
violation: 0.02031191558078757
violation: 0.01990826096229825
violation: 0.019536236903093758
violation: 0.019186623053345703
violation: 0.01885780754554616
violation: 0.018544420190644915
violation: 0.018243274089630127
violation: 0.01795002590456288
violation: 0.017663772121912606
violation: 0.017381564141847196
violation: 0.017102277259731263
violation: 0.016827033161837618
violation: 0.016557377854919102
violation: 0.01629471345764163
violation: 0.01603466688998014
violation: 0.01577793436451105
violation: 0.015528678143795334
violation: 0.01528590587034301
violation: 0.015049404371289715
violation: 0.01482116830066558
violation: 0.01459965337315584
violation: 0.01438196821630958
violation: 0.014173330136937144
violation: 0.013972246450745941
violation: 0.013779479579340745
violation: 0.013593497209622466
violation: 0.013413023924528398
violation: 0.013235999029316893
violation: 0.013063768941099731
violation: 0.012895522257929306
violation: 0.012730487593137496
violation: 0.012569896580366084
violation: 0.012412283854032079
violation: 0.012259031604410218
violation: 0.012109749626534749
violation: 0.011963247383483951
violation: 0.011819394873107696
violation: 0.01167867964370448
violation: 0.011540195606450391
violation: 0.011405191646183874
violation: 0.011271580036956604
violation: 0.011140485669517357
violation: 0.01101130137731293
violation: 0.010882306119165745
violation: 0.010755232226364785
violation: 0.01063063667793912
violation: 0.010508383275740111
violation: 0.010388232188705908
violation: 0.010271206830938087
violation: 0.010156353284811043
violation: 0.010043459373615114
violation: 0.009934810998118557
violation: 0.009826977634516435
violation: 0.009721999030012562
violation: 0.009618794687787731
violation: 0.009519891391848544
violation: 0.009425186713391768
violation: 0.009334610793032182
violation: 0.00924808943425468
violation: 0.009165795227045243
violation: 0.009087209319834819
violation: 0.009012352419175026
violation: 0.008941121711321541
violation: 0.008872368426458582
violation: 0.008805842414040543
violation: 0.008741667704896788
violation: 0.008679344278416639
violation: 0.008617182658527978
violation: 0.008556134324634916
violation: 0.008496435296762412
violation: 0.008438912155918432
violation: 0.008383218937478707
violation: 0.00832953122848089
violation: 0.00827801658952644
violation: 0.008226440885609644
violation: 0.008175400661482672
violation: 0.008125837886494423
violation: 0.008077215385794168
violation: 0.008028684971708734
violation: 0.007980018201686524
violation: 0.007931870835241755
violation: 0.007883669498874191
violation: 0.007836244069986821
violation: 0.007787851911865396
violation: 0.007738851345368051
violation: 0.007690503754734691
violation: 0.007641960006450255
violation: 0.007592421424557944
violation: 0.007541817976173004
violation: 0.007490437352515614
violation: 0.007438074848898752
violation: 0.007385553409418411
violation: 0.00733214479242365
violation: 0.007278595586791522
violation: 0.007224697838679132
violation: 0.007171248016505974
violation: 0.007117322844530255
violation: 0.007063643259616957
violation: 0.007010548945461321
violation: 0.0069574463912668505
violation: 0.006904836586260129
violation: 0.0068528757090782445
violation: 0.006801424708629535
violation: 0.006750811288843602
violation: 0.006700601687047858
violation: 0.0066514686530823874
violation: 0.006602831656343897
violation: 0.006554529247915344
violation: 0.006507450138185852
violation: 0.006460798862213112
violation: 0.006415662955214745
violation: 0.006371400045944442
violation: 0.006327839795604543
violation: 0.006284784104983469
violation: 0.006242993703298445
violation: 0.0062016352215243506
violation: 0.006161568928856314
violation: 0.006121795200568726
violation: 0.006082672187204999
violation: 0.0060441404452281165
violation: 0.0060063403366970415
violation: 0.0059696714253434525
violation: 0.005933502988837996
violation: 0.005898359874567287
violation: 0.00586397118573446
violation: 0.005829994319784543
violation: 0.0057967253432043
violation: 0.005764252920103909
violation: 0.005732941059787626
violation: 0.005702045773452371
violation: 0.00567192205116744
violation: 0.005643026311409818
violation: 0.005614395695157756
violation: 0.0055866454244128776
violation: 0.005559789289730521
violation: 0.00553296303635447
violation: 0.005506220497893846
violation: 0.005480038783523069
violation: 0.005454612123978651
violation: 0.00542984849581046
violation: 0.00540561394597978
violation: 0.005382035362576667
violation: 0.005358847914323285
violation: 0.005336327689380491
violation: 0.005314184950827315
violation: 0.005292785948760295
violation: 0.005271454378036514
violation: 0.005250378281284297
violation: 0.005229916346754733
violation: 0.005209973076476721
violation: 0.0051903615343452695
violation: 0.0051708948104933474
violation: 0.005151427011451172
violation: 0.005132290038696329
violation: 0.005113247334424257
violation: 0.005094250965144733
violation: 0.005075170303857148
violation: 0.005056527076598039
violation: 0.005037895080195113
violation: 0.005019236401794513
violation: 0.005001053741716978
violation: 0.0049831120746525355
violation: 0.004965333864933451
violation: 0.004947941494088844
violation: 0.004930530621811254
violation: 0.004913547818348753
violation: 0.004897000211565878
violation: 0.004880761189114001
violation: 0.004864577043436283
violation: 0.004848480981917931
violation: 0.004832317179396268
violation: 0.00481634754084332
violation: 0.004801080398460643
violation: 0.0047859083854078725
violation: 0.004770959959222816
violation: 0.004756220628830634
violation: 0.0047419335522064674
violation: 0.004727467544293534
violation: 0.004713134930863003
violation: 0.004698768320302005
violation: 0.004684741259851023
violation: 0.004670765010297695
violation: 0.004656618092432676
violation: 0.004642099225547132
violation: 0.004627727254522206
violation: 0.004613179724647808
violation: 0.00459833745166815
violation: 0.0045831285284909885
violation: 0.004567936225145589
violation: 0.004552664445384319
violation: 0.00453735532458655
violation: 0.004521470662731986
violation: 0.004505099111101667
violation: 0.004488366002648809
violation: 0.004471297148177767
violation: 0.004453655845582379
violation: 0.004436120565722409
violation: 0.00441821195531751
violation: 0.004400345719049661
violation: 0.0043821647312975555
violation: 0.004364010559169804
violation: 0.004345749327008525
violation: 0.004327071380895795
violation: 0.004308250643933076
violation: 0.0042895935169285455
violation: 0.004270719233959819
violation: 0.004252071036267061
violation: 0.004233454720674051
violation: 0.004215611230907907
violation: 0.004198427870504173
violation: 0.0041815379753916805
violation: 0.00416518856788772
violation: 0.004149014406957251
violation: 0.0041330785809659525
violation: 0.004117364952028421
violation: 0.004101958524416502
violation: 0.004086693398845727
violation: 0.004071857172702169
violation: 0.004057027634607639
violation: 0.004042340444578033
violation: 0.004028032551663278
violation: 0.004013684458585734
violation: 0.0039994175731443765
violation: 0.003985059071513936
violation: 0.0039708493930493876
violation: 0.003956675228004832
violation: 0.003942552076899243
violation: 0.003928437420858019
violation: 0.003914300065756604
violation: 0.003900343243021998
violation: 0.0038866585751307745
violation: 0.003873206758362842
violation: 0.0038598962203349367
violation: 0.0038465789386212036
violation: 0.003833219699661725
violation: 0.003820002111851863
violation: 0.0038070085590594907
violation: 0.0037941379246601023
violation: 0.0037814283910562892
violation: 0.003769047752094468
violation: 0.003756903574188195
violation: 0.0037449713501948325
violation: 0.003733040715358995
violation: 0.00372135717155134
violation: 0.0037096152661414998
violation: 0.003697956533522108
violation: 0.003686478736362663
violation: 0.0036752010220898754
violation: 0.003664202373327521
violation: 0.0036531550915800503
violation: 0.0036422347093312117
violation: 0.00363148651977172
violation: 0.0036206304580216823
violation: 0.003609865594815509
violation: 0.0035991119324991737
violation: 0.0035883416731654146
violation: 0.003577426945100551
violation: 0.0035663460943820397
violation: 0.0035552246839770088
violation: 0.003543878517354832
violation: 0.00353245813586538
violation: 0.0035211126472615368
violation: 0.0035092244851946384
violation: 0.003497049388097501
violation: 0.0034846534353477655
violation: 0.003472161070912582
violation: 0.0034592963797707606
violation: 0.0034463716761535764
violation: 0.0034333953478330697
violation: 0.003420285726064789
violation: 0.0034066506892937946
violation: 0.00339290620467436
violation: 0.0033789165932399056
violation: 0.003364582323747404
violation: 0.0033497802246350147
violation: 0.0033349011388154617
violation: 0.0033197424101035094
violation: 0.0033043372906118003
violation: 0.003288952845031681
violation: 0.0032734807059677036
violation: 0.00325820990656328
violation: 0.0032429981701287444
violation: 0.0032280119068831513
violation: 0.0032129199109031626
violation: 0.0031978639755961655
violation: 0.0031829351014349564
violation: 0.003168249550485836
violation: 0.003153722176076208
violation: 0.003139312939451871
violation: 0.0031251168708030285
violation: 0.003111080127553611
violation: 0.0030972727088636556
violation: 0.0030834908275162555
violation: 0.0030702016271429624
violation: 0.003057140018596333
violation: 0.00304424786387512
violation: 0.003031628243212031
violation: 0.003019181309137284
violation: 0.003006848317330359
violation: 0.00299471510799542
violation: 0.0029826888890998235
violation: 0.002970878007640675
violation: 0.0029591092229679645
violation: 0.0029475248177325596
violation: 0.00293616109426787
violation: 0.002925012406083046
violation: 0.0029139640469147596
violation: 0.0029031420041585668
violation: 0.00289234026254015
violation: 0.0028818520101456763
violation: 0.0028714936495164572
violation: 0.0028614104711391364
violation: 0.002851360576123829
violation: 0.002841326435417488
violation: 0.0028313199915180535
violation: 0.0028215890026335928
violation: 0.0028120811667027915
violation: 0.0028027322366739166
violation: 0.0027936017072287636
violation: 0.002784530902578315
violation: 0.002775729010395686
violation: 0.002767105438930341
violation: 0.0027587337201626975
violation: 0.002750333054221506
violation: 0.0027422069169979546
violation: 0.0027343385358492233
violation: 0.002726456071530886
violation: 0.0027186749542602562
violation: 0.0027110469893276215
violation: 0.0027036186507342777
violation: 0.0026965006069066557
violation: 0.0026893941904651063
violation: 0.0026823846502014516
violation: 0.0026753882229571184
violation: 0.002668638218158516
violation: 0.0026620175018405782
violation: 0.0026555129662503636
violation: 0.0026491166970366194
violation: 0.002642590623594591
violation: 0.0026361461128729642
violation: 0.0026299818044795004
violation: 0.0026239156838098847
violation: 0.0026179447853054705
violation: 0.0026121135515536384
violation: 0.0026063223820318917
violation: 0.0026005094688035546
violation: 0.0025948821712377316
violation: 0.0025894349641799315
violation: 0.002583879583194083
violation: 0.002578310368515467
violation: 0.0025729191256421763
violation: 0.0025675048027117195
violation: 0.002562236974290037
violation: 0.002557011017966416
violation: 0.002551762339709165
violation: 0.0025464438393327073
violation: 0.0025411318927086317
violation: 0.0025357998202408093
violation: 0.002530529856201729
violation: 0.002525466807909423
violation: 0.002520180935271128
violation: 0.002514931864645739
violation: 0.002509693325098594
violation: 0.002504506133493204
violation: 0.0024993228761024215
violation: 0.002494141546181643
violation: 0.0024887969529789507
violation: 0.0024834674205345556
violation: 0.0024781629809530544
violation: 0.0024727540905347552
violation: 0.0024673670698370275
violation: 0.0024621113921690814
violation: 0.0024568136784408104
violation: 0.0024514037319968035
violation: 0.0024460736807455736
violation: 0.0024407895608815917
violation: 0.00243547016718885
violation: 0.0024302268320387363
violation: 0.0024248805562600653
violation: 0.00241956328648382
violation: 0.0024142464493583167
violation: 0.0024089002603890114
violation: 0.0024035297762125232
violation: 0.002398206997610909
violation: 0.0023927889190542137
violation: 0.0023874284760787845
violation: 0.0023820738732245757
violation: 0.0023766882310300077
violation: 0.0023712881713452145
violation: 0.002366016977965935
violation: 0.00236085889661451
violation: 0.0023556983856154387
violation: 0.0023504907049720285
violation: 0.0023453065774627774
violation: 0.002340124482157944
violation: 0.002334803973377546
violation: 0.002329637677121318
violation: 0.00232446291892401
violation: 0.0023191694415558538
violation: 0.002314005451079135
violation: 0.0023088523107222896
violation: 0.002303722343543416
violation: 0.002298361491552865
violation: 0.0022930723224632806
violation: 0.0022877069245763946
violation: 0.002282369518450663
violation: 0.0022770301869367376
violation: 0.002271686663223467
violation: 0.002266209736790189
violation: 0.0022607410895676386
violation: 0.002255299106756143
violation: 0.002249818173421846
violation: 0.00224442452837378
violation: 0.0022389601151715168
violation: 0.00223348443500933
violation: 0.002227947347947713
violation: 0.0022223355898868644
violation: 0.00221671490320681
violation: 0.0022110733700052435
violation: 0.002205376720472452
violation: 0.002199654827592507
violation: 0.0021940259804214654
violation: 0.0021882961679058686
violation: 0.0021825349307133496
violation: 0.0021767193689873872
violation: 0.0021708983500401307
violation: 0.00216517173649375
violation: 0.0021593696408154033
violation: 0.0021534995881159324
violation: 0.002147672196958893
violation: 0.0021417474214425656
violation: 0.0021358191243746774
violation: 0.0021298755047753724
violation: 0.0021238637982403173
violation: 0.0021178955240274953
violation: 0.0021119101787664186
violation: 0.0021058948853365507
violation: 0.0020999260153117864
violation: 0.002093956420630719
violation: 0.0020879649175855686
violation: 0.002081850399718791
violation: 0.0020757231014641394
violation: 0.0020695652665862884
violation: 0.002063343138257782
violation: 0.0020570790385092837
violation: 0.002050936026959411
violation: 0.002044816696374851
violation: 0.0020387678674188476
violation: 0.0020326558170942074
violation: 0.002026475694187832
violation: 0.0020204408096394346
violation: 0.0020143931417511054
violation: 0.0020083656233788267
violation: 0.002002323181111722
violation: 0.00199636417594146
violation: 0.001990453532871869
violation: 0.001984481301629475
violation: 0.001978566524996558
violation: 0.001972642210333266
violation: 0.001966778818457802
violation: 0.001961064764253056
violation: 0.001955459129025088
violation: 0.0019499818486117338
violation: 0.0019445176842933767
violation: 0.0019391303177364106
violation: 0.001933657434154434
violation: 0.0019281924705736278
violation: 0.0019227020410393187
violation: 0.001917358048605441
violation: 0.0019120597535853352
violation: 0.0019068417289399057
violation: 0.001901579480409818
violation: 0.0018962882937141679
violation: 0.0018910320324600012
violation: 0.0018858757208639
violation: 0.0018806640528988955
violation: 0.001875710472000597
violation: 0.0018708270355739327
violation: 0.0018659292133509434
violation: 0.0018610919769122226
violation: 0.0018563081807586978
violation: 0.0018516237351518291
violation: 0.0018469803036095013
violation: 0.0018422241213895494
violation: 0.0018374768943398136
violation: 0.0018328694408778698
violation: 0.001828211539476472
violation: 0.0018236338262201455
violation: 0.0018189418541425509
violation: 0.001814280521267049
violation: 0.0018096080946240628
violation: 0.0018049747301976278
violation: 0.0018002211752637658
violation: 0.001795401177089392
violation: 0.0017906706235640817
violation: 0.0017859602621984054
violation: 0.0017812396403358724
violation: 0.0017764489019764958
violation: 0.0017715768674660085
violation: 0.0017668113567950437
violation: 0.0017620433113458944
violation: 0.0017573161484696373
violation: 0.0017526542451815974
violation: 0.001748071117152509
violation: 0.0017435638708351055
violation: 0.0017390041842137564
violation: 0.0017344516050353798
violation: 0.0017297622996098794
violation: 0.0017251743178695474
violation: 0.0017206431559571344
violation: 0.0017162258183484032
violation: 0.0017118664975544753
violation: 0.0017074532704947436
violation: 0.0017030178549443033
violation: 0.0016985846690398833
violation: 0.0016942567998338303
violation: 0.0016899407769284053
violation: 0.0016856782531247834
violation: 0.0016814633923014136
violation: 0.0016773728295037707
violation: 0.0016733048259277028
violation: 0.0016692795408363955
violation: 0.0016652829115102632
violation: 0.0016614282132690855
violation: 0.0016575857987625722
violation: 0.0016537146960120081
violation: 0.0016498923421798758
violation: 0.0016461202391473157
violation: 0.001642472514901431
violation: 0.001638903444642162
violation: 0.0016353404706221718
violation: 0.0016318064402325297
violation: 0.0016282378093353243
violation: 0.001624719490278681
violation: 0.0016212559092563964
violation: 0.0016178272929427693
violation: 0.0016144025603997266
violation: 0.0016110418440753427
violation: 0.0016078792109845543
violation: 0.0016046750755087033
violation: 0.0016015348136132685
violation: 0.0015984697971498038
violation: 0.0015954794905400996
violation: 0.0015925158005187562
violation: 0.0015896121258568653
violation: 0.001586808382226319
violation: 0.0015839953161412787
violation: 0.001581262945891899
violation: 0.001578574333864492
violation: 0.0015759330753699916
violation: 0.0015733341066304488
violation: 0.0015708207789040633
violation: 0.0015683167808793028
violation: 0.0015658745429804337
violation: 0.0015634867811870914
violation: 0.001561205666274528
violation: 0.0015589658027369228
violation: 0.0015567907974355808
violation: 0.0015546619336705562
violation: 0.0015525666795054732
violation: 0.0015505674001464694
violation: 0.0015485696858973876
violation: 0.0015466610445491376
violation: 0.0015448074634642711
violation: 0.0015430121496175873
violation: 0.0015411797894497106
violation: 0.0015394533596443949
violation: 0.0015377670500739855
violation: 0.0015361061029125322
violation: 0.001534486778636949
violation: 0.001532990760059408
violation: 0.0015315279719164579
violation: 0.001530109470447551
violation: 0.001528673433497363
violation: 0.0015272388243806423
violation: 0.0015258549029219012
violation: 0.0015245023607823645
violation: 0.0015232003594744534
violation: 0.0015219781775426982
violation: 0.0015206957640139717
violation: 0.0015193611186531152
violation: 0.0015180566504012314
violation: 0.0015167977765367204
violation: 0.0015156275097165453
violation: 0.0015144318919539962
violation: 0.0015132326357168227
violation: 0.0015120899618269923
violation: 0.00151095941930786
violation: 0.0015097366126447295
violation: 0.0015085692886121324
violation: 0.0015074660032197878
violation: 0.0015063615720473625
violation: 0.0015052848600123317
violation: 0.0015042277749190425
violation: 0.0015030781243768197
violation: 0.0015020054355995563
violation: 0.0015009354603899793
violation: 0.0014998399196546478
violation: 0.001498749766858833
violation: 0.0014976287712653107
violation: 0.0014965905303060286
violation: 0.0014955967383343887
violation: 0.0014945426223703139
violation: 0.001493433414192701
violation: 0.0014923769875888277
violation: 0.0014912956758983916
violation: 0.0014902057062124044
violation: 0.0014890887842204377
violation: 0.0014879612964589315
violation: 0.0014868398515749356
violation: 0.0014856195696381334
violation: 0.0014843601081219356
violation: 0.0014830777994682565
violation: 0.0014817507252189942
violation: 0.0014803668755661407
violation: 0.00147904676527651
violation: 0.0014776197680997846
violation: 0.0014760508284899217
violation: 0.0014745006274427084
violation: 0.0014729319703558818
violation: 0.0014713419009339604
violation: 0.0014696770649616302
violation: 0.0014679382496603623
violation: 0.001466205650423812
violation: 0.001464520784365919
violation: 0.0014628299102222306
violation: 0.0014611099436533323
violation: 0.001459384158660695
violation: 0.001457750818242808
violation: 0.0014561450460516259
violation: 0.001454468933815986
violation: 0.001452875385290986
violation: 0.001451484785976459
violation: 0.001450176013793225
violation: 0.001448896625108295
violation: 0.0014476655725212213
violation: 0.0014465486270836634
violation: 0.0014454729094590798
violation: 0.0014445078023479908
violation: 0.0014436543953427379
violation: 0.0014427891482602575
violation: 0.0014419660251376886
violation: 0.0014412296605589546
violation: 0.0014405892994484744
violation: 0.0014399905431013152
violation: 0.0014394542325933566
violation: 0.0014389180843708443
violation: 0.0014384199027517915
violation: 0.0014379719335659738
violation: 0.0014375820757912114
violation: 0.001437170856038234
violation: 0.0014367652124344765
violation: 0.0014364539071626394
violation: 0.0014361461093181512
violation: 0.0014358861588528787
violation: 0.0014356509982648624
violation: 0.0014353386893848918
violation: 0.0014351318630616925
violation: 0.0014348840583294203
violation: 0.0014346166631344255
violation: 0.001434429657700139
violation: 0.0014342500682191293
violation: 0.0014340035721051546
violation: 0.001433796959923355
violation: 0.0014336213530569601
violation: 0.0014334969974731727
violation: 0.0014333628872346873
violation: 0.001433198947534155
violation: 0.0014331213779376155
violation: 0.0014330402267241093
violation: 0.0014329625623290805
violation: 0.0014328540614784479
violation: 0.0014327292084869068
violation: 0.0014326378550318214
violation: 0.0014326092223069281
violation: 0.0014326156606148525
violation: 0.0014325679487241579
violation: 0.0014325603313799027
violation: 0.0014325677456100184
violation: 0.0014326089979864213
violation: 0.0014326726874701228
violation: 0.001432678989891519
violation: 0.0014326733091605311
violation: 0.0014326915147849252
violation: 0.0014326851031075442
violation: 0.0014326762160162068
violation: 0.0014326687149822576
violation: 0.001432574058419626
violation: 0.0014324734606062095
violation: 0.0014323224218808735
violation: 0.0014322508187076222
violation: 0.0014320856310587134
violation: 0.0014319711051156549
violation: 0.0014318316515621488
violation: 0.0014316346519659712
violation: 0.0014313839001334995
violation: 0.0014311385065278802
violation: 0.0014308231538984217
violation: 0.0014305073657639184
violation: 0.0014300750240761235
violation: 0.0014295854687946946
violation: 0.0014291056331793737
violation: 0.0014285708662105086
violation: 0.0014279669357184774
violation: 0.0014272531171263068
violation: 0.0014265696237258747
violation: 0.0014258858562583528
violation: 0.0014252027064119931
violation: 0.001424558738256962
violation: 0.001423983873438687
violation: 0.001423437740379623
violation: 0.0014229542071832323
violation: 0.001422528947704326
violation: 0.0014221218050563874
violation: 0.0014217281877730319
violation: 0.0014213451219178461
violation: 0.0014209348633993108
violation: 0.0014204805810378546
violation: 0.0014200320892747006
violation: 0.0014195401936910918
violation: 0.0014190422567644516
violation: 0.0014184647958174997
violation: 0.0014178717698886505
violation: 0.0014172475913582921
violation: 0.001416607769190981
violation: 0.0014160163334032863
violation: 0.0014153828067516333
violation: 0.0014147848335650606
violation: 0.0014140822347857998
violation: 0.0014134175348123614
violation: 0.001412660680919714
violation: 0.0014118427152408546
violation: 0.0014110530976493617
violation: 0.001410187115392646
violation: 0.0014092320014304784
violation: 0.0014082564581248708
violation: 0.0014072525509235797
violation: 0.0014062410848113282
violation: 0.0014051619300033244
violation: 0.0014040796493190518
violation: 0.0014028690516212153
violation: 0.001401591660044904
violation: 0.0014002718328302586
violation: 0.0013989447081453486
violation: 0.0013975993708328074
violation: 0.001396140420041466
violation: 0.0013946277605585572
violation: 0.0013930803132733603
violation: 0.0013914150950472706
violation: 0.0013897667006927102
violation: 0.001388067518038923
violation: 0.0013863486382236195
violation: 0.001384581870958346
violation: 0.0013828147300171951
violation: 0.00138101202931096
violation: 0.0013791047945833385
violation: 0.0013771703957065969
violation: 0.0013752721862196836
violation: 0.0013734404973642055
violation: 0.001371538219709525
violation: 0.0013695920361704768
violation: 0.0013676627739660403
violation: 0.0013657225697608327
violation: 0.0013638110769261388
violation: 0.0013618786683042485
violation: 0.0013599348687602598
violation: 0.0013580023743340118
violation: 0.0013560331185200445
violation: 0.0013541012757263867
violation: 0.001352119186240364
violation: 0.0013501214290058095
violation: 0.0013481280308678878
violation: 0.0013461697565470912
violation: 0.0013442012323105264
violation: 0.001342245986362223
violation: 0.0013402540290375375
violation: 0.0013383050502402355
violation: 0.001336400314296595
violation: 0.001334488915760478
violation: 0.0013325511512116176
violation: 0.0013306035476590408
violation: 0.001328645323012258
violation: 0.0013266235254419407
violation: 0.0013245763672749158
violation: 0.0013224721160123565
violation: 0.0013203885616537017
violation: 0.001318293521920045
violation: 0.0013161195651721256
violation: 0.0013139653865784767
violation: 0.0013118178907550596
violation: 0.001309622009513673
violation: 0.0013074009423947256
violation: 0.0013051364937458267
violation: 0.0013028824392181985
violation: 0.0013005511693891395
violation: 0.0012981912309850418
violation: 0.001295816878355403
violation: 0.0012933785193935594
violation: 0.0012908933931886004
violation: 0.001288361671897993
violation: 0.0012858397370261285
violation: 0.00128323168105204
violation: 0.0012806065486782754
violation: 0.0012779363722749159
violation: 0.001275203810035839
violation: 0.001272379673630375
violation: 0.0012696137473469508
violation: 0.0012667504940580727
violation: 0.0012638046654645863
violation: 0.001260793705843279
violation: 0.0012577246074996112
violation: 0.0012546685291223141
violation: 0.0012515474722896807
violation: 0.0012483895900373347
violation: 0.0012451708645145393
violation: 0.0012418791158052332
violation: 0.0012385327841221792
violation: 0.0012351553495264776
violation: 0.0012316861948803097
violation: 0.0012281798255559223
violation: 0.0012246536333342028
violation: 0.0012211251928583766
violation: 0.0012175084603887817
violation: 0.0012138671903061478
violation: 0.0012100939603900869
violation: 0.0012062474064703855
violation: 0.0012023198658600933
violation: 0.0011983090385114332
violation: 0.0011942075218255924
violation: 0.0011900118033984061
violation: 0.0011857534435227616
violation: 0.0011813293108519755
violation: 0.0011768664571822868
violation: 0.001172290991605683
violation: 0.0011676939230616564
violation: 0.0011629738339576532
violation: 0.0011581791911468781
violation: 0.0011533668991590398
violation: 0.001148529029129648
violation: 0.0011436884502024586
violation: 0.0011388152525807157
violation: 0.0011338359613359485
violation: 0.0011288445433768391
violation: 0.0011238504492424334
violation: 0.0011187366844770767
violation: 0.0011136073817527444
violation: 0.0011085052967045423
violation: 0.0011034110275388162
violation: 0.0010982117805515548
violation: 0.0010930373601426853
violation: 0.001087817079590316
violation: 0.0010825625198428305
violation: 0.001077301230866541
violation: 0.001072058277433941
violation: 0.001066828418985332
violation: 0.0010615584449833342
violation: 0.001056219227607767
violation: 0.0010506817042812448
violation: 0.0010450703956952944
violation: 0.0010394556572777213
violation: 0.0010336670186027813
violation: 0.0010278273261573434
violation: 0.0010219441282400714
violation: 0.001016143367725387
violation: 0.0010104221657153917
violation: 0.0010047637735918437
violation: 0.0009991471227292464
violation: 0.00099364551627039
violation: 0.0009882259757084157
violation: 0.0009829371175797412
violation: 0.0009777020217247067
violation: 0.0009725933129683113
violation: 0.0009676029779632216
violation: 0.0009627234855887327
violation: 0.0009578868004732987
violation: 0.0009531314336480149
violation: 0.0009484420275083425
violation: 0.0009437815038371554
violation: 0.0009391801790078927
violation: 0.0009345807533917565
violation: 0.0009300121568413894
violation: 0.0009255010535500092
violation: 0.0009210099208088189
violation: 0.0009165143987367663
violation: 0.0009120373521652801
violation: 0.0009075608944410295
violation: 0.0009030512958960384
violation: 0.0008984936843050154
violation: 0.0008939386563239602
violation: 0.0008893921783666141
violation: 0.0008848368720540988
violation: 0.0008802889174631022
violation: 0.0008757802711263655
violation: 0.0008712028979045775
violation: 0.0008666436993479862
violation: 0.0008620837666006219
violation: 0.000857597632362706
violation: 0.0008530894570803713
violation: 0.0008486129097153347
violation: 0.000844223549161266
violation: 0.0008398365821662109
violation: 0.0008354823314983484
violation: 0.0008311916116422827
violation: 0.0008269425318780579
violation: 0.0008227114441047727
violation: 0.0008185186948562455
violation: 0.0008143657450534624
violation: 0.0008102585067408318
violation: 0.0008061945542346284
violation: 0.0008021457684539416
violation: 0.0007981569983457962
violation: 0.0007941788921257182
violation: 0.0007902665190402819
violation: 0.0007863544353999092
violation: 0.000782494876014855
violation: 0.000778662698804883
violation: 0.0007748867844054226
violation: 0.0007711151944011983
violation: 0.0007673851446930872
violation: 0.0007636951095232013
violation: 0.0007600288456681905
violation: 0.0007563877216013586
violation: 0.00075277025830848
violation: 0.0007492169380734752
violation: 0.0007456882581644116
violation: 0.0007421837378622127
violation: 0.0007386997789963109
violation: 0.0007352585695428294
violation: 0.0007318424078985596
violation: 0.0007284708833739028
violation: 0.0007251083672548651
violation: 0.0007217721301204313
violation: 0.0007184875405967696
violation: 0.0007152058112512447
violation: 0.0007119615903223848
violation: 0.0007087578759566578
violation: 0.0007055678690770734
violation: 0.0007023793695198761
violation: 0.0006992519322820644
violation: 0.0006961403444625517
violation: 0.0006930655727534775
violation: 0.0006900198189909737
violation: 0.000687005114943402
violation: 0.0006840312433200591
violation: 0.0006810855826393126
violation: 0.0006781703566899722
violation: 0.0006752454056217685
violation: 0.0006723745188194581
violation: 0.0006695217420273155
violation: 0.00066670127925439
violation: 0.0006639222378153852
violation: 0.0006611827988851446
violation: 0.0006584650944207106
violation: 0.0006557565562957855
violation: 0.0006530793471454532
violation: 0.0006504259739000974
violation: 0.0006477889040848816
violation: 0.0006452154547116773
violation: 0.0006426660908381044
violation: 0.0006401496645427367
violation: 0.0006376587782001168
violation: 0.0006351961251656109
violation: 0.0006327666276641956
violation: 0.0006303392245137981
violation: 0.0006279543121886729
violation: 0.0006255870964501266
violation: 0.0006232447756679096
violation: 0.0006209183209936363
violation: 0.0006186305979591321
violation: 0.0006163713125823672
violation: 0.0006141391145984631
violation: 0.0006119327026264666
violation: 0.0006097514821316223
violation: 0.0006075914147068992
violation: 0.0006054506229649322
violation: 0.0006033315648819224
violation: 0.0006012434666432348
violation: 0.0005991790801483559
violation: 0.000597127976672659
violation: 0.0005951072788976771
violation: 0.0005931101779123401
violation: 0.0005911186939493345
violation: 0.000589141413970365
violation: 0.0005871969081983332
violation: 0.0005852766946472258
violation: 0.0005833610406700267
violation: 0.0005814389451835169
violation: 0.000579535239314157
violation: 0.0005776496184583311
violation: 0.0005758005016447003
violation: 0.0005739788309338343
violation: 0.0005721869613892075
violation: 0.000570413621284034
violation: 0.0005686661934842232
violation: 0.0005669298005668219
violation: 0.0005652089736922868
violation: 0.0005635027889902888
violation: 0.0005618141352650822
violation: 0.0005601500746834422
violation: 0.000558502011795859
violation: 0.000556882847595282
violation: 0.0005552791752991779
violation: 0.000553692062069601
violation: 0.0005521328084427767
violation: 0.0005506071019430144
violation: 0.0005490925568807465
violation: 0.0005476103434886053
violation: 0.0005461335066746755
violation: 0.000544685374477515
violation: 0.0005432510861818056
violation: 0.0005418399966410789
violation: 0.0005404557475011395
violation: 0.0005390813096503872
violation: 0.0005377373314567191
violation: 0.0005364198010383289
violation: 0.0005351037059268566
violation: 0.0005338235150124318
violation: 0.000532565102493861
violation: 0.0005313400884364492
violation: 0.0005301411602573733
violation: 0.0005289795806206262
violation: 0.0005278371865379297
violation: 0.0005266973170122429
violation: 0.00052558726708554
violation: 0.0005245089391646132
violation: 0.0005234618140223451
violation: 0.0005224447348894178
violation: 0.0005214465750552183
violation: 0.0005204833880438868
violation: 0.0005195539711739182
violation: 0.0005186392142182063
violation: 0.0005177640776540712
violation: 0.0005169206718382265
violation: 0.0005161070904784535
violation: 0.0005153242878328651
violation: 0.0005145671030037292
violation: 0.0005138451284903859
violation: 0.0005131543027359713
violation: 0.0005124873192875748
violation: 0.0005118439201859765
violation: 0.0005112344138427534
violation: 0.0005106534520057385
violation: 0.000510098925185699
violation: 0.0005095770578386204
violation: 0.0005090819977473451
violation: 0.0005086159222182819
violation: 0.0005081655180626828
violation: 0.0005077363975229974
violation: 0.0005073237822950965
violation: 0.0005069433868025245
violation: 0.0005065927751444398
violation: 0.0005062680533228847
violation: 0.0005059757903456304
violation: 0.0005057124545193747
violation: 0.0005054758248594589
violation: 0.0005052670851812765
violation: 0.0005050838540815061
violation: 0.0005049173762607644
violation: 0.0005047656786474247
violation: 0.0005046425256663285
violation: 0.0005045424634577469
violation: 0.0005044570795882003
violation: 0.0005044078507908379
violation: 0.0005043918744936952
violation: 0.0005043966197514658
violation: 0.0005044186959724373
violation: 0.0005044651244270698
violation: 0.0005045386934154899
violation: 0.0005046338731205957
violation: 0.00050473612195971
violation: 0.0005048794239690104
violation: 0.0005050364734516671
violation: 0.0005052329373312083
violation: 0.000505464791196813
violation: 0.0005057185372647512
violation: 0.0005059973704376498
violation: 0.000506301485226613
violation: 0.0005066255913900027
violation: 0.0005069811272368436
violation: 0.0005073846162794699
violation: 0.0005078008261500442
violation: 0.000508254899951126
violation: 0.0005087362583373076
violation: 0.0005092390803970022
violation: 0.0005097637742314188
violation: 0.000510319371122608
violation: 0.0005108969439934536
violation: 0.0005114960991289102
violation: 0.000512109929606688
violation: 0.0005127641778827193
violation: 0.0005134498019684405
violation: 0.0005141743641897778
violation: 0.0005149239404490059
violation: 0.0005157058018967927
violation: 0.000516511629974355
violation: 0.0005173398326057079
violation: 0.0005181887550119814
violation: 0.0005190832431222304
violation: 0.0005200102365571454
violation: 0.000520973379286107
violation: 0.0005219720044421642
violation: 0.0005229902483779906
violation: 0.0005240421368381049
violation: 0.0005251019892712517
violation: 0.0005261697677525787
violation: 0.0005272874283039706
violation: 0.0005284382222809885
violation: 0.000529594427385222
violation: 0.0005307858622961665
violation: 0.0005320120774740191
violation: 0.0005332439847930018
violation: 0.0005345269790111821
violation: 0.0005358354888440496
violation: 0.0005371865636313447
violation: 0.0005385746382751368
violation: 0.0005399874857006336
violation: 0.0005414011642063788
violation: 0.0005428525001060193
violation: 0.0005443082317403541
violation: 0.0005458074320596745
violation: 0.0005473197716703742
violation: 0.0005488705502965511
violation: 0.0005504422607651916
violation: 0.0005520124934947829
violation: 0.0005536215940893187
violation: 0.0005552301748514796
violation: 0.0005568785316767749
violation: 0.0005585350790179364
violation: 0.0005601978582140969
violation: 0.0005618484230616647
violation: 0.000563457033097195
violation: 0.0005650922645877397
violation: 0.0005667303181962474
violation: 0.0005683925276045544
violation: 0.0005700670303216465
violation: 0.0005717322950648828
violation: 0.0005733768409719178
violation: 0.0005750086720050527
violation: 0.0005766475167471927
violation: 0.0005782744229521452
violation: 0.0005798727147159144
violation: 0.0005814478265975104
violation: 0.0005830011601867616
violation: 0.0005845351793201963
violation: 0.0005860640019169988
violation: 0.0005875732515583789
violation: 0.0005890327674344413
violation: 0.000590493998375247
violation: 0.0005918967198506465
violation: 0.0005932530728391368
violation: 0.000594576144620827
violation: 0.0005958296706316486
violation: 0.0005970511097390465
violation: 0.000598235146673814
violation: 0.0005993978841756987
violation: 0.0006005051816617674
violation: 0.0006015631477248886
violation: 0.0006026179904166564
violation: 0.0006036481064017122
violation: 0.0006045578644812367
violation: 0.0006053479408662727
violation: 0.0006060522217418939
violation: 0.0006066993854702432
violation: 0.0006073044825635223
violation: 0.0006078203300703979
violation: 0.0006082387945303668
violation: 0.0006085902836665674
violation: 0.0006088599099395305
violation: 0.0006090756590992266
violation: 0.0006091478034193565
violation: 0.0006091509789022226
violation: 0.0006090662700401992
violation: 0.0006088983523667305
violation: 0.0006087597183816647
violation: 0.0006085744358476779
violation: 0.0006083384905725524
violation: 0.0006080226403041312
violation: 0.0006076232079628164
violation: 0.000607132743283778
violation: 0.000606609787610363
violation: 0.0006059571695917612
violation: 0.0006052068547619144
violation: 0.0006044029102962359
violation: 0.0006035018436833648
violation: 0.000602568770684271
violation: 0.0006015297424681539
violation: 0.0006004536364244094
violation: 0.0005993058910292734
violation: 0.0005980787687401997
violation: 0.0005968263822756406
violation: 0.0005954913148364282
violation: 0.0005940921233725095
violation: 0.00059263894432049
violation: 0.0005911370520972299
violation: 0.0005895872812760328
violation: 0.0005880230295736906
violation: 0.0005863955399237396
violation: 0.0005847414838534981
violation: 0.0005830047285396114
violation: 0.0005812203790148408
violation: 0.0005794471225647218
violation: 0.0005776505481403822
violation: 0.0005758697942001756
violation: 0.0005740395827437789
violation: 0.0005721819935931953
violation: 0.0005702828051779105
violation: 0.000568373089272587
violation: 0.0005664124739369767
violation: 0.0005644501934752107
violation: 0.0005624681149291774
violation: 0.0005604889874411288
violation: 0.0005584907429356119
violation: 0.0005564819917916764
violation: 0.0005544665458914579
violation: 0.0005524896729071407
violation: 0.0005505048191712073
violation: 0.0005485059944712974
violation: 0.0005464873251318407
violation: 0.0005445079297339483
violation: 0.0005425142142094754
violation: 0.0005405003458496479
violation: 0.0005384763492093852
violation: 0.0005364551879390446
violation: 0.0005344571913589438
violation: 0.0005324079776043159
violation: 0.0005303860191773699
violation: 0.0005283780386520323
violation: 0.0005263699095145691
violation: 0.0005243780795170998
violation: 0.000522364663287308
violation: 0.0005203643869760126
violation: 0.0005183805842132853
violation: 0.0005164012795370908
violation: 0.0005144501490191949
violation: 0.000512480196025791
violation: 0.0005105529579537971
violation: 0.0005086038159232379
violation: 0.0005066814136098196
violation: 0.0005047572672805577
violation: 0.0005028576666971423
violation: 0.0005009741713042479
violation: 0.000499106426021193
violation: 0.0004972397103517391
violation: 0.0004953741831696135
violation: 0.000493536508486912
violation: 0.0004917051008413527
violation: 0.0004899134516349882
violation: 0.00048811568758825533
violation: 0.00048630528745099684
violation: 0.0004845389482724284
violation: 0.00048278350898466705
violation: 0.0004810516165569813
violation: 0.00047931271604284646
violation: 0.0004776066945542306
violation: 0.00047590897863388664
violation: 0.00047423349234684717
violation: 0.0004725487388845875
violation: 0.0004708952852286686
violation: 0.0004692579986891744
violation: 0.00046763407682539904
violation: 0.0004660136702432192
violation: 0.0004644058608274522
violation: 0.00046279697145750674
violation: 0.0004612245882503193
violation: 0.00045965558454426163
violation: 0.0004580967271262335
violation: 0.00045656326819873145
violation: 0.0004550500644886073
violation: 0.0004535528462173909
violation: 0.0004520462314055833
violation: 0.0004505562623503707
violation: 0.00044908141866300454
violation: 0.0004476168089551634
violation: 0.00044616188068700746
violation: 0.00044472079009243734
violation: 0.0004432872903171778
violation: 0.0004418835325947139
violation: 0.00044049625795610734
violation: 0.00043911545653102843
violation: 0.00043775270041002503
violation: 0.00043640281478188927
violation: 0.00043507108500103993
violation: 0.0004337502654596196
violation: 0.00043243359753521296
violation: 0.00043113320070791496
violation: 0.00042985645844353346
violation: 0.0004285946337727653
violation: 0.00042734771250488713
violation: 0.0004261085206986331
violation: 0.0004248711742584029
violation: 0.00042365187403701376
violation: 0.0004224395161464747
violation: 0.00042125224069386387
violation: 0.0004200817587024322
violation: 0.00041893352312103815
violation: 0.000417793798979484
violation: 0.00041666405072791673
violation: 0.00041555143794884213
violation: 0.0004144511354143785
violation: 0.00041336565966567073
violation: 0.00041229881076422823
violation: 0.00041125181009303054
violation: 0.0004102164730780389
violation: 0.00040919211447179186
violation: 0.0004081850781564277
violation: 0.00040718481845152134
violation: 0.00040620560634268643
violation: 0.00040523723248626155
violation: 0.00040427504606627005
violation: 0.000403330332523716
violation: 0.00040239807710691053
violation: 0.000401471667196263
violation: 0.00040056451426559713
violation: 0.0003996733032483606
violation: 0.0003988030768121786
violation: 0.0003979381950956984
violation: 0.00039708853385424784
violation: 0.0003962493050416702
violation: 0.0003954265678297564
violation: 0.00039461445421777987
violation: 0.00039382096699351274
violation: 0.0003930375605905171
violation: 0.0003922679464263939
violation: 0.000391512864450428
violation: 0.000390766790645865
violation: 0.000390034328188205
violation: 0.00038931268964461036
violation: 0.0003886019022358049
violation: 0.00038790998705065614
violation: 0.00038722991202369046
violation: 0.00038656564714281596
violation: 0.0003859124952373415
violation: 0.00038526924395375736
violation: 0.0003846367232124074
violation: 0.0003840158011363333
violation: 0.0003833988318515401
violation: 0.00038279430892398074
violation: 0.000382211703287538
violation: 0.00038163471838241524
violation: 0.0003810635870188512
violation: 0.00038049071358230656
violation: 0.00037994317886187783
violation: 0.00037940576330301463
violation: 0.00037888461556146184
violation: 0.0003783658690714541
violation: 0.0003778611039741652
violation: 0.00037736919598401706
violation: 0.0003768905206929146
violation: 0.00037641415731394485
violation: 0.00037594761493228463
violation: 0.0003754952325342791
violation: 0.00037505321295846274
violation: 0.00037462336814918923
violation: 0.00037420241893474217
violation: 0.0003737869575946886
violation: 0.00037338611809450853
violation: 0.0003729905836305312
violation: 0.00037260450168833824
violation: 0.0003722193567385883
violation: 0.00037185009754828684
violation: 0.00037149271490877537
violation: 0.00037114006927602345
violation: 0.0003707917868617398
violation: 0.0003704497269537749
violation: 0.0003701112077807991
violation: 0.0003697785366308813
violation: 0.0003694462777061566
violation: 0.000369125352145956
violation: 0.0003688094107075155
violation: 0.0003685004690732583
violation: 0.0003682040017814636
violation: 0.00036791419624205917
violation: 0.0003676252760383748
violation: 0.0003673478711077979
violation: 0.00036707442055746516
violation: 0.0003668111119205972
violation: 0.0003665487093423427
violation: 0.00036629614575200156
violation: 0.00036604990944277236
violation: 0.0003658057168234689
violation: 0.00036556459232598874
violation: 0.00036532756094272145
violation: 0.00036510202087187645
violation: 0.00036488141882016497
violation: 0.00036466330225516153
violation: 0.0003644488737305246
violation: 0.0003642420393456858
violation: 0.00036403449544740826
violation: 0.000363832553675648
violation: 0.00036364021616968684
violation: 0.0003634615103724779
violation: 0.0003632828262654604
violation: 0.00036311558098354053
violation: 0.000362956557215758
violation: 0.0003627965977429671
violation: 0.00036264249604695193
violation: 0.00036249797307463864
violation: 0.00036235157012872517
violation: 0.00036221085244929666
violation: 0.0003620722274357893
violation: 0.0003619381748623943
violation: 0.00036181410523990383
violation: 0.00036169424716344994
violation: 0.0003615805461688221
violation: 0.000361466623487831
violation: 0.00036135870903624583
violation: 0.00036125147222944873
violation: 0.0003611530152946932
violation: 0.00036106072803091443
violation: 0.0003609725461319222
violation: 0.00036088264000075815
violation: 0.0003607925467470531
violation: 0.00036071184308544276
violation: 0.00036063629803646086
violation: 0.00036056451494618586
violation: 0.0003604956460660992
violation: 0.00036042699930415387
violation: 0.00036035805364791995
violation: 0.00036029353404365015
violation: 0.00036023386059374265
violation: 0.00036017846669043717
violation: 0.00036012343035356285
violation: 0.0003600778295032865
violation: 0.0003600317102183218
violation: 0.00035999587725214045
violation: 0.00035996051524785056
violation: 0.00035993067799974554
violation: 0.00035990504641430625
violation: 0.00035988376901221835
violation: 0.00035987028681771095
violation: 0.0003598573270305709
violation: 0.0003598479226612671
violation: 0.0003598408770932463
violation: 0.0003598363928517023
violation: 0.0003598331432793016
violation: 0.0003598316815742897
violation: 0.0003598334501773146
violation: 0.00035984307788802913
violation: 0.00035985409090480885
violation: 0.0003598622936064886
violation: 0.0003598676466128987
violation: 0.0003598869531481876
violation: 0.00035990189831882615
violation: 0.00035991858718802306
violation: 0.0003599340233426494
violation: 0.0003599635887759546
violation: 0.000359994218253131
violation: 0.0003600315572334398
violation: 0.00036006346932539705
violation: 0.0003601002751668042
violation: 0.00036013717223053714
violation: 0.000360173533347936
violation: 0.00036021081359856815
violation: 0.00036025189646798786
violation: 0.00036029554747829106
violation: 0.0003603398939007191
violation: 0.00036038258045274833
violation: 0.00036042762232241823
violation: 0.0003604768517928425
violation: 0.0003605286011681901
violation: 0.0003605849167235178
violation: 0.00036064038114222994
violation: 0.000360700505804853
violation: 0.00036076773804368244
violation: 0.00036083798425804483
violation: 0.00036091149775808724
violation: 0.00036098669031529775
violation: 0.0003610676353256158
violation: 0.0003611496011876274
violation: 0.0003612292888764398
violation: 0.00036132138518093403
violation: 0.0003614091244767993
violation: 0.0003614938598571473
violation: 0.0003615838979532558
violation: 0.0003616754396376891
violation: 0.00036176533082896454
violation: 0.00036186374087549927
violation: 0.0003619649895059002
violation: 0.0003620709176602039
violation: 0.0003621762041029183
violation: 0.0003622828073698988
violation: 0.0003623939153892859
violation: 0.00036250892106015186
violation: 0.0003626218413277612
violation: 0.0003627337356717324
violation: 0.0003628468060900358
violation: 0.00036296256477967717
violation: 0.00036308109483181597
violation: 0.00036319601449162723
violation: 0.00036331428143150603
violation: 0.00036341823786263417
violation: 0.00036353472354051845
violation: 0.0003636511994508948
violation: 0.00036376750399964055
violation: 0.00036388261000988836
violation: 0.00036400118313772154
violation: 0.00036411976553670146
violation: 0.0003642442272976066
violation: 0.00036436642265156655
violation: 0.00036448228125260276
violation: 0.00036460699334660805
violation: 0.00036473087119851764
violation: 0.00036485274666950025
violation: 0.00036497361949183195
violation: 0.0003650942124005186
violation: 0.0003652215363599312
violation: 0.0003653501436913637
violation: 0.00036548026697889836
violation: 0.0003656070918656238
violation: 0.00036573850424103115
violation: 0.00036586686690102455
violation: 0.0003659958890431591
violation: 0.00036613137060053714
violation: 0.00036627295997690705
violation: 0.00036640889709497245
violation: 0.00036653705315309695
violation: 0.0003666667578833721
violation: 0.00036680828996578884
violation: 0.0003669496974389031
violation: 0.00036708724340086873
violation: 0.00036721938303276095
violation: 0.0003673549908027336
violation: 0.00036750052196720296
violation: 0.00036763910386535285
violation: 0.00036777316722245453
violation: 0.00036790537592342197
violation: 0.00036803927469434807
violation: 0.0003681767824044019
violation: 0.0003683167543574416
violation: 0.00036845694870451157
violation: 0.00036860246222004115
violation: 0.0003687471510078233
violation: 0.0003688935958764379
violation: 0.0003690308633395658
violation: 0.00036916596511835884
violation: 0.0003693069347980374
violation: 0.0003694471940277377
violation: 0.00036958860627181586
violation: 0.0003697281687824521
violation: 0.00036986793862403826
violation: 0.0003700021907781409
violation: 0.00037013328216801213
violation: 0.0003702605978458338
violation: 0.00037039468693305755
violation: 0.00037052278354851267
violation: 0.0003706551938129697
violation: 0.0003707760512972302
violation: 0.00037090310392056276
violation: 0.0003710272142325732
violation: 0.0003711487018626937
violation: 0.0003712696914790242
violation: 0.0003713874557523202
violation: 0.0003715040639178686
violation: 0.0003716277593528795
violation: 0.0003717428292041899
violation: 0.00037185477375715884
violation: 0.00037196943445367653
violation: 0.0003720765429333518
violation: 0.0003721883256252155
violation: 0.00037229229206503566
violation: 0.00037239874921780967
violation: 0.00037249593957690313
violation: 0.0003725950024483614
violation: 0.00037269566339036313
violation: 0.00037279659092391614
violation: 0.0003729003081385851
violation: 0.0003729986666090994
violation: 0.00037309212124342036
violation: 0.00037318013805255813
violation: 0.00037327067068551953
violation: 0.0003733595373082857
violation: 0.0003734440991827578
violation: 0.00037352697200403157
violation: 0.0003736126070055454
violation: 0.0003736922536791229
violation: 0.00037376657161393835
violation: 0.00037384303651344223
violation: 0.00037391331188121256
violation: 0.0003739747647109237
violation: 0.00037402626739997614
violation: 0.00037407704518000156
violation: 0.00037412226121297975
violation: 0.00037416260901786754
violation: 0.0003741919623292654
violation: 0.00037422128439983137
violation: 0.0003742493654500907
violation: 0.00037428071794883824
violation: 0.0003743020636917081
violation: 0.0003743161122325314
violation: 0.0003743133136076403
violation: 0.0003743262120867537
violation: 0.00037432300057707054
violation: 0.0003743188575774966
violation: 0.00037430325595842317
violation: 0.0003742913404390238
violation: 0.00037427541242228933
violation: 0.0003742521280561459
violation: 0.0003742205924085732
violation: 0.0003741860479112406
violation: 0.00037414715378436845
violation: 0.0003740985282983069
violation: 0.00037404035284015495
violation: 0.0003739795571126104
violation: 0.0003739104722092326
violation: 0.00037383559498092807
violation: 0.0003737591531799383
violation: 0.00037368427903159546
violation: 0.000373608122526337
violation: 0.00037352594596060557
violation: 0.0003734447746124572
violation: 0.00037333962737037785
violation: 0.0003732356313586463
violation: 0.0003731360279527644
violation: 0.0003730305378726419
violation: 0.0003729114205752197
violation: 0.0003727865778232718
violation: 0.00037265524945633195
violation: 0.00037251909183728444
violation: 0.00037238086636073
violation: 0.0003722313596253133
violation: 0.00037207153490241443
violation: 0.0003719196695359849
violation: 0.0003717663997876638
violation: 0.00037160521616700514
violation: 0.00037143404797162864
violation: 0.0003712579632019687
violation: 0.00037107321826901124
violation: 0.0003708927455260423
violation: 0.0003707095047291857
violation: 0.0003705279228702865
violation: 0.0003703396978869102
violation: 0.0003701387676266575
violation: 0.00036992977604268835
violation: 0.00036972006587464583
violation: 0.00036950833451733267
violation: 0.0003692973216403709
violation: 0.0003690839922826645
violation: 0.00036886897332115556
violation: 0.0003686447272700845
violation: 0.00036841475210212576
violation: 0.0003681789957227481
violation: 0.0003679372233046835
violation: 0.0003676927037450623
violation: 0.0003674392088273676
violation: 0.0003671812964959165
violation: 0.00036692657948212727
violation: 0.00036666574632048606
violation: 0.00036640283665539063
violation: 0.0003661409062209825
violation: 0.0003658690225734952
violation: 0.0003655821065288732
violation: 0.0003652948926417576
violation: 0.0003650067014858903
violation: 0.0003647230894528579
violation: 0.0003644387580049639
violation: 0.0003641473041619921
violation: 0.00036386422663544813
violation: 0.00036357733360884266
violation: 0.0003632946062241968
violation: 0.00036301055996418796
violation: 0.0003627229525231938
violation: 0.0003624357394500509
violation: 0.0003621447179583481
violation: 0.00036185217156335496
violation: 0.00036155642814758555
violation: 0.000361255617395255
violation: 0.0003609552523543256
violation: 0.00036065039524637096
violation: 0.0003603393107018336
violation: 0.000360032291200074
violation: 0.00035971986470417506
violation: 0.00035940955282814165
violation: 0.00035908811672107793
violation: 0.0003587630824108506
violation: 0.00035844398551581106
violation: 0.00035813125198862526
violation: 0.00035781952298750985
violation: 0.00035750604596968076
violation: 0.00035718998545802654
violation: 0.0003568777264011946
violation: 0.0003565548828843668
violation: 0.00035622861448383306
violation: 0.00035590623881938995
violation: 0.0003555803865674214
violation: 0.00035525368827047526
violation: 0.00035492501105369325
violation: 0.00035458609022249364
violation: 0.00035425472085337404
violation: 0.00035392064159670304
violation: 0.00035358941624604655
violation: 0.00035324799497006353
violation: 0.00035290845026529876
violation: 0.0003525685413521382
violation: 0.0003522367677777596
violation: 0.00035190522968930166
violation: 0.000351568445582852
violation: 0.00035123491951241274
violation: 0.00035090140336614716
violation: 0.00035055817634889496
violation: 0.00035022322732596267
violation: 0.00034988415613844463
violation: 0.000349541706568409
violation: 0.00034919072524928243
violation: 0.0003488387232565993
violation: 0.00034849667159485797
violation: 0.00034815980622156484
violation: 0.0003478197059271724
violation: 0.00034747620416724576
violation: 0.0003471376526233534
violation: 0.0003468019579108285
violation: 0.00034647026589695277
violation: 0.00034613205805627374
violation: 0.00034580012553649185
violation: 0.0003454641749700241
violation: 0.00034512649639240604
violation: 0.00034479338573656414
violation: 0.0003444486922342025
violation: 0.0003441002439579854
violation: 0.0003437633224462749
violation: 0.0003434282259635771
violation: 0.0003430940125247403
violation: 0.0003427620928165634
violation: 0.0003424302599580892
violation: 0.0003421008301285828
violation: 0.0003417717395160498
violation: 0.00034144130254827923
violation: 0.0003411139460007394
violation: 0.00034078646391017214
violation: 0.0003404684997154597
violation: 0.00034015685127180726
violation: 0.00033984594431401535
violation: 0.0003395379080969414
violation: 0.0003392338709883308
violation: 0.0003389242615442852
violation: 0.00033861757005789703
violation: 0.0003383127428389876
violation: 0.0003380097872361693
violation: 0.00033770400510528195
violation: 0.0003373981061737814
violation: 0.00033709512305455503
violation: 0.0003367999636910846
violation: 0.00033649887871687066
violation: 0.0003362076479350692
violation: 0.0003359165808536285
violation: 0.0003356240575314247
violation: 0.00033533997495179354
violation: 0.00033505517836847956
violation: 0.0003347706750240521
violation: 0.0003344927828847839
violation: 0.00033421014236060154
violation: 0.00033393189484161355
violation: 0.0003336557938008564
violation: 0.00033337173970311495
violation: 0.00033308809185937486
violation: 0.0003327970057592469
violation: 0.00033251725307627104
violation: 0.00033223635698682137
violation: 0.0003319560740567385
violation: 0.00033167956065387834
violation: 0.0003313997992068838
violation: 0.0003311196306342295
violation: 0.00033084166935670793
violation: 0.0003305653870042911
violation: 0.00033029196026543414
violation: 0.00033002234880696803
violation: 0.000329758022547293
violation: 0.00032948998444416885
violation: 0.0003292226189084244
violation: 0.00032896335312134313
violation: 0.0003287104756772373
violation: 0.0003284608057694846
violation: 0.0003282064956811003
violation: 0.00032795334913394964
violation: 0.00032770087375012
violation: 0.00032745234900395464
violation: 0.0003272049883281604
violation: 0.0003269543683383469
violation: 0.00032671217061676757
violation: 0.0003264694074858323
violation: 0.00032621932257155274
violation: 0.00032597011163284676
violation: 0.00032571468390157784
violation: 0.0003254616046862198
violation: 0.00032520905658112474
violation: 0.0003249563800038118
violation: 0.0003247094245548899
violation: 0.00032446117180323614
violation: 0.00032421487289874165
violation: 0.0003239711631463184
violation: 0.0003237292166995968
violation: 0.00032348582003281215
violation: 0.0003232417730392114
violation: 0.0003229999827163554
violation: 0.0003227624248425814
violation: 0.0003225261535124517
violation: 0.00032229199268720907
violation: 0.00032205911175469185
violation: 0.00032182842407832825
violation: 0.0003216013539582201
violation: 0.00032136906163225985
violation: 0.0003211361534156135
violation: 0.0003208970129576152
violation: 0.0003206609454569871
violation: 0.00032042975478271377
violation: 0.00032019861711798773
violation: 0.0003199696813167747
violation: 0.0003197410225616545
violation: 0.0003195107991685199
violation: 0.00031928162788801375
violation: 0.00031905316968476745
violation: 0.0003188271640332664
violation: 0.0003185977005672586
violation: 0.0003183776576986045
violation: 0.00031816296185794657
violation: 0.00031794677187901404
violation: 0.0003177338815543382
violation: 0.0003175200710932091
violation: 0.0003173104889106782
violation: 0.00031709784243988995
violation: 0.0003168906836709251
violation: 0.00031667922099808094
violation: 0.00031646542406651697
violation: 0.00031625922276408425
violation: 0.0003160602289018863
violation: 0.0003158571068382082
violation: 0.0003156533285962594
violation: 0.00031544865190076337
violation: 0.0003152430932167347
violation: 0.00031504186751820203
violation: 0.00031484660304746616
violation: 0.0003146473351063381
violation: 0.00031445153053241204
violation: 0.00031425820811025135
violation: 0.0003140531387344173
violation: 0.0003138478664999359
violation: 0.0003136488181403293
violation: 0.0003134482386743311
violation: 0.00031324421304960835
violation: 0.00031304539560366834
violation: 0.00031284625361721087
violation: 0.00031264733914732285
violation: 0.0003124455723016524
violation: 0.0003122446801139718
violation: 0.000312048370767555
violation: 0.00031185736125624775
violation: 0.00031166541778085183
violation: 0.00031147764158024927
violation: 0.0003112831716739654
violation: 0.0003110893760043339
violation: 0.00031089990270267726
violation: 0.00031071306482893346
violation: 0.000310531850127546
violation: 0.0003103443952189699
violation: 0.0003101570298796498
violation: 0.00030997296695525723
violation: 0.0003097876416352201
violation: 0.0003096112132188284
violation: 0.0003094300484277348
violation: 0.0003092530920650095
violation: 0.0003090765849758122
violation: 0.00030890397983722104
violation: 0.00030872287678549814
violation: 0.0003085484076515143
violation: 0.0003083757962023912
violation: 0.00030820318283824975
violation: 0.00030803021485073555
violation: 0.0003078604510269357
violation: 0.0003076929381800436
violation: 0.00030752410606131315
violation: 0.00030735396326909574
violation: 0.0003071728257958973
violation: 0.0003069997069215165
violation: 0.0003068262995021071
violation: 0.00030664867791145876
violation: 0.00030647945674992046
violation: 0.00030631238645469744
violation: 0.0003061421426899527
violation: 0.0003059782735667822
violation: 0.00030580950119630276
violation: 0.0003056381716725648
violation: 0.0003054657918545505
violation: 0.00030529276383590623
violation: 0.0003051232886169016
violation: 0.00030495096298885767
violation: 0.0003047823523747758
violation: 0.0003046002720622077
violation: 0.00030442213110863956
violation: 0.00030424735847744467
violation: 0.00030407296955307185
violation: 0.0003039046948773169
violation: 0.0003037310113963837
violation: 0.00030355042917362175
violation: 0.000303366124016209
violation: 0.0003031942323590158
violation: 0.00030301717645323065
violation: 0.00030284348541843826
violation: 0.0003026674025940117
violation: 0.0003024865162452804
violation: 0.000302313713203938
violation: 0.0003021432263022116
violation: 0.00030197103874203264
violation: 0.00030180088466437346
violation: 0.0003016312837944721
violation: 0.0003014512328348973
violation: 0.0003012766701261641
violation: 0.0003011024226206306
violation: 0.0003009294193635786
violation: 0.0003007541367875938
violation: 0.0003005813777389129
violation: 0.0003004082597107495
violation: 0.00030023187507970567
violation: 0.0003000585878576222
violation: 0.0002998887556343163
violation: 0.0002997144770641904
violation: 0.0002995449149033313
violation: 0.00029937534708069106
violation: 0.0002992030756773699
violation: 0.00029903571049017284
violation: 0.00029887114693443915
violation: 0.00029871130557998493
violation: 0.0002985480409526764
violation: 0.0002983886195754779
violation: 0.00029822927554649193
violation: 0.0002980730453169453
violation: 0.0002979160560190471
violation: 0.0002977584375214368
violation: 0.0002976008194877538
violation: 0.000297447990933397
violation: 0.00029729842749582177
violation: 0.00029715188773453324
violation: 0.00029700541439036743
violation: 0.00029685542212290326
violation: 0.00029670896105663165
violation: 0.0002965606692023096
violation: 0.00029641373854490404
violation: 0.00029626682694955885
violation: 0.00029611703613908677
violation: 0.0002959737384928822
violation: 0.00029582881547127003
violation: 0.0002956832550398817
violation: 0.0002955370942934159
violation: 0.00029538646942989477
violation: 0.00029524473164043786
violation: 0.0002950926097736167
violation: 0.00029495013692558604
violation: 0.0002948030994353053
violation: 0.0002946630343670897
violation: 0.0002945204316566868
violation: 0.0002943722587633571
violation: 0.0002942250489744886
violation: 0.00029407669622462824
violation: 0.00029393089052449597
violation: 0.00029379176659421964
violation: 0.0002936548449471703
violation: 0.0002935152702809228
violation: 0.0002933738102530451
violation: 0.0002932335126140987
violation: 0.00029310094529982016
violation: 0.0002929731464309351
violation: 0.0002928390500365272
violation: 0.0002927064318865091
violation: 0.0002925763933125251
violation: 0.00029244236372249143
violation: 0.00029231012738700193
violation: 0.0002921776378619521
violation: 0.00029205247368205463
violation: 0.00029192219765977615
violation: 0.00029179431214323314
violation: 0.00029166556626911936
violation: 0.00029154136670746705
violation: 0.00029141263364721587
violation: 0.00029128824235373686
violation: 0.000291165668327507
violation: 0.00029104286926874903
violation: 0.0002909131135332796
violation: 0.0002907829750872969
violation: 0.00029065521741455106
violation: 0.00029052895420947307
violation: 0.00029040264235368255
violation: 0.00029027220361248343
violation: 0.00029014206711117644
violation: 0.0002900130534266767
violation: 0.0002898795679840173
violation: 0.00028974004853408195
violation: 0.00028960204063909313
violation: 0.0002894582929434164
violation: 0.00028932618190631424
violation: 0.000289186089598406
violation: 0.00028904902619527695
violation: 0.00028891596824708846
violation: 0.00028878265111991576
violation: 0.00028864760603603023
violation: 0.00028851756189091055
violation: 0.000288382935510048
violation: 0.00028824922503431467
violation: 0.00028811920020263787
violation: 0.00028799005722700006
violation: 0.0002878652280064235
violation: 0.0002877425340108305
violation: 0.0002876177757970774
violation: 0.00028749721038482274
violation: 0.00028737647866951445
violation: 0.0002872555944360866
violation: 0.0002871343923796362
violation: 0.0002870067253654687
violation: 0.0002868828305613682
violation: 0.0002867670714749722
violation: 0.0002866460259349195
violation: 0.00028652860725973493
violation: 0.0002864106525310892
violation: 0.00028629250329256854
violation: 0.00028616808178614264
violation: 0.0002860441618843739
violation: 0.0002859219173499391
violation: 0.00028580368745467804
violation: 0.0002856813592789258
violation: 0.0002855621411050506
violation: 0.00028544851951567396
violation: 0.0002853398887618672
violation: 0.00028523126162601067
violation: 0.0002851196583080462
violation: 0.0002850061660235355
violation: 0.0002848940696743013
violation: 0.00028477654395573043
violation: 0.00028466693162035875
violation: 0.0002845567065184522
violation: 0.00028444522449672604
violation: 0.00028433942013528934
violation: 0.00028423186605188794
violation: 0.0002841208321287029
violation: 0.0002840161493627452
violation: 0.0002839161327189807
violation: 0.0002838164348293447
violation: 0.0002837180191586355
violation: 0.00028360737568093906
violation: 0.00028350288345948676
violation: 0.0002833992841123365
violation: 0.000283299619556368
violation: 0.00028320086519278786
violation: 0.000283105749562329
violation: 0.00028301307645292996
violation: 0.0002829215644741566
violation: 0.00028282720757696905
violation: 0.00028273290070721677
violation: 0.00028263515103459596
violation: 0.00028253776693853706
violation: 0.00028244246743154073
violation: 0.00028234858466438226
violation: 0.0002822486025851555
violation: 0.0002821557171336268
violation: 0.0002820632373578166
violation: 0.00028197463017344754
violation: 0.0002818799575714341
violation: 0.00028178760206603795
violation: 0.00028168354063163226
violation: 0.0002815783490844208
violation: 0.0002814764392155722
violation: 0.0002813708006063698
violation: 0.0002812691594568199
violation: 0.0002811666110761118
violation: 0.00028106644098575644
violation: 0.00028096419960049144
violation: 0.0002808646578594455
violation: 0.00028077429765686277
violation: 0.0002806729994143369
violation: 0.00028057220576331116
violation: 0.00028046966750049426
violation: 0.0002803665662607372
violation: 0.0002802619522374587
violation: 0.0002801520505596829
violation: 0.00028005012010573065
violation: 0.0002799396086270539
violation: 0.00027983381060919994
violation: 0.00027972841356626427
violation: 0.00027962572848240833
violation: 0.00027952114165409847
violation: 0.0002794158335818497
violation: 0.0002793067479229735
violation: 0.0002791976925630777
violation: 0.0002790846143901325
violation: 0.00027897839073281935
violation: 0.00027887076237321297
violation: 0.00027876270228703327
violation: 0.00027865460629401107
violation: 0.0002785446340761335
violation: 0.00027843748063106113
violation: 0.00027832837756365064
violation: 0.00027821843094873313
violation: 0.0002781098787499326
violation: 0.00027799860326444594
violation: 0.00027788645017966506
violation: 0.0002777798714004599
violation: 0.0002776709630168945
violation: 0.00027755548470733245
violation: 0.00027744034071476646
violation: 0.000277320606926451
violation: 0.000277203767996279
violation: 0.0002770852830063153
violation: 0.0002769560496303103
violation: 0.00027683330076995287
violation: 0.00027670988956124165
violation: 0.00027658729677522675
violation: 0.0002764635295326631
violation: 0.00027634364659247414
violation: 0.0002762232760129774
violation: 0.0002760984600384787
violation: 0.00027597425769371176
violation: 0.0002758530402551267
violation: 0.0002757351299002151
violation: 0.00027562072614391905
violation: 0.00027550165701379113
violation: 0.00027538570410511173
violation: 0.0002752692250951946
violation: 0.0002751530183211169
violation: 0.0002750380894096292
violation: 0.0002749254544603001
violation: 0.00027481019342047783
violation: 0.00027469828489676344
violation: 0.0002745854576159382
violation: 0.0002744681101361816
violation: 0.0002743492523185438
violation: 0.00027422830566607004
violation: 0.0002740933907824665
violation: 0.0002739711700263685
violation: 0.0002738398611944491
violation: 0.00027370545710242927
violation: 0.0002735682566241398
